{"uuid":"02decb21-1223-4ebe-a359-ac660f705b9c","historyId":"2d2bac0ee9aa6df5c921922e5b520dd2","fullName":"com.YellowTailTest.verifyNavigateToMainPage","labels":[{"name":"package","value":"com.YellowTailTest"},{"name":"testClass","value":"com.YellowTailTest"},{"name":"testMethod","value":"verifyNavigateToMainPage"},{"name":"parentSuite","value":"Default Suite"},{"name":"suite","value":"Project_for_Test"},{"name":"subSuite","value":"com.YellowTailTest"},{"name":"host","value":"WIN-902SRTB2VQK"},{"name":"thread","value":"16356@WIN-902SRTB2VQK.main(1)"},{"name":"framework","value":"testng"},{"name":"language","value":"java"}],"links":[],"name":"verifyNavigateToMainPage","status":"broken","statusDetails":{"known":false,"muted":false,"flaky":false,"message":"Failed to create new instance of class com.MainPage","trace":"com.codeborne.selenide.ex.PageObjectException: Failed to create new instance of class com.MainPage\r\n\tat com.codeborne.selenide.impl.SelenidePageFactory.page(SelenidePageFactory.java:52)\r\n\tat com.codeborne.selenide.SelenideDriver.page(SelenideDriver.java:140)\r\n\tat com.codeborne.selenide.Selenide.page(Selenide.java:838)\r\n\tat com.pages.WelcomePage.logInToMainPage(WelcomePage.java:52)\r\n\tat com.YellowTailTest.verifyNavigateToMainPage(YellowTailTest.java:67)\r\n\tat sun.reflect.NativeMethodAccessorImpl.invoke0(Native Method)\r\n\tat sun.reflect.NativeMethodAccessorImpl.invoke(NativeMethodAccessorImpl.java:62)\r\n\tat sun.reflect.DelegatingMethodAccessorImpl.invoke(DelegatingMethodAccessorImpl.java:43)\r\n\tat java.lang.reflect.Method.invoke(Method.java:498)\r\n\tat org.testng.internal.MethodInvocationHelper.invokeMethod(MethodInvocationHelper.java:133)\r\n\tat org.testng.internal.TestInvoker.invokeMethod(TestInvoker.java:598)\r\n\tat org.testng.internal.TestInvoker.invokeTestMethod(TestInvoker.java:173)\r\n\tat org.testng.internal.MethodRunner.runInSequence(MethodRunner.java:46)\r\n\tat org.testng.internal.TestInvoker$MethodInvocationAgent.invoke(TestInvoker.java:824)\r\n\tat org.testng.internal.TestInvoker.invokeTestMethods(TestInvoker.java:146)\r\n\tat org.testng.internal.TestMethodWorker.invokeTestMethods(TestMethodWorker.java:146)\r\n\tat org.testng.internal.TestMethodWorker.run(TestMethodWorker.java:128)\r\n\tat java.util.ArrayList.forEach(ArrayList.java:1259)\r\n\tat org.testng.TestRunner.privateRun(TestRunner.java:794)\r\n\tat org.testng.TestRunner.run(TestRunner.java:596)\r\n\tat org.testng.SuiteRunner.runTest(SuiteRunner.java:377)\r\n\tat org.testng.SuiteRunner.runSequentially(SuiteRunner.java:371)\r\n\tat org.testng.SuiteRunner.privateRun(SuiteRunner.java:332)\r\n\tat org.testng.SuiteRunner.run(SuiteRunner.java:276)\r\n\tat org.testng.SuiteRunnerWorker.runSuite(SuiteRunnerWorker.java:53)\r\n\tat org.testng.SuiteRunnerWorker.run(SuiteRunnerWorker.java:96)\r\n\tat org.testng.TestNG.runSuitesSequentially(TestNG.java:1212)\r\n\tat org.testng.TestNG.runSuitesLocally(TestNG.java:1134)\r\n\tat org.testng.TestNG.runSuites(TestNG.java:1063)\r\n\tat org.testng.TestNG.run(TestNG.java:1031)\r\n\tat com.intellij.rt.testng.IDEARemoteTestNG.run(IDEARemoteTestNG.java:66)\r\n\tat com.intellij.rt.testng.RemoteTestNGStarter.main(RemoteTestNGStarter.java:109)\r\nCaused by: java.lang.reflect.InvocationTargetException\r\n\tat sun.reflect.NativeConstructorAccessorImpl.newInstance0(Native Method)\r\n\tat sun.reflect.NativeConstructorAccessorImpl.newInstance(NativeConstructorAccessorImpl.java:62)\r\n\tat sun.reflect.DelegatingConstructorAccessorImpl.newInstance(DelegatingConstructorAccessorImpl.java:45)\r\n\tat java.lang.reflect.Constructor.newInstance(Constructor.java:423)\r\n\tat com.codeborne.selenide.impl.SelenidePageFactory.page(SelenidePageFactory.java:49)\r\n\t... 31 more\r\nCaused by: java.lang.IllegalArgumentException: Can not set com.codeborne.selenide.SelenideElement field com.MainPage.mainPageElement to com.sun.proxy.$Proxy13\r\n\tat sun.reflect.UnsafeFieldAccessorImpl.throwSetIllegalArgumentException(UnsafeFieldAccessorImpl.java:167)\r\n\tat sun.reflect.UnsafeFieldAccessorImpl.throwSetIllegalArgumentException(UnsafeFieldAccessorImpl.java:171)\r\n\tat sun.reflect.UnsafeObjectFieldAccessorImpl.set(UnsafeObjectFieldAccessorImpl.java:81)\r\n\tat java.lang.reflect.Field.set(Field.java:764)\r\n\tat org.openqa.selenium.support.PageFactory.proxyFields(PageFactory.java:117)\r\n\tat org.openqa.selenium.support.PageFactory.initElements(PageFactory.java:105)\r\n\tat org.openqa.selenium.support.PageFactory.initElements(PageFactory.java:92)\r\n\tat org.openqa.selenium.support.PageFactory.initElements(PageFactory.java:79)\r\n\tat com.MainPage.<init>(MainPage.java:49)\r\n\t... 36 more\r\n"},"stage":"finished","description":"Case 2: Welcome page: navigate to main page as European customer","steps":[{"name":"$(\"open\") https://www.yellowtailwine.com/","status":"passed","stage":"finished","steps":[],"attachments":[],"parameters":[],"start":1632595254205,"stop":1632595261463},{"name":"$(\"By.xpath: //*[@class='confirmation-checkbox']/child::label\") click()","status":"passed","stage":"finished","steps":[],"attachments":[],"parameters":[],"start":1632595265503,"stop":1632595265834},{"name":"$(\"By.xpath: //*[@id='agegate-selector-options']\") get tag name()","status":"passed","stage":"finished","steps":[],"attachments":[],"parameters":[],"start":1632595265840,"stop":1632595265867},{"name":"$(\"By.xpath: //*[@id='agegate-selector-options']\") get attribute(multiple)","status":"passed","stage":"finished","steps":[],"attachments":[],"parameters":[],"start":1632595265867,"stop":1632595265896},{"name":"$(\"By.xpath: //*[@id='agegate-selector-options']\") find elements(By.xpath: .//option[normalize-space(.) = \"Europe\"])","status":"passed","stage":"finished","steps":[],"attachments":[],"parameters":[],"start":1632595265900,"stop":1632595265946},{"name":"$(\"By.xpath: //input[@type='submit']\") click()","status":"passed","stage":"finished","steps":[],"attachments":[],"parameters":[],"start":1632595266004,"stop":1632595266112}],"attachments":[],"parameters":[],"start":1632595253931,"stop":1632595266181}